Base path: 'C:/Program Files/Unity/Hub/Editor/2019.4.10f1/Editor/Data', plugins path 'C:/Program Files/Unity/Hub/Editor/2019.4.10f1/Editor/Data/PlaybackEngines'
Cmd: initializeCompiler
Cmd: preprocessCompute
  insize=7224 outsize=7226 ok=1
Cmd: preprocessCompute
  insize=6851 outsize=6853 ok=1
Cmd: preprocess
  insize=38601 outsize=618 ok=1
Cmd: preprocessCompute
  insize=7267 outsize=7269 ok=1
Cmd: preprocessCompute
  insize=6251 outsize=6253 ok=1
Cmd: preprocess
  insize=38629 outsize=617 ok=1
Cmd: preprocessCompute
  insize=7242 outsize=7244 ok=1
Cmd: preprocessCompute
  insize=6842 outsize=6844 ok=1
Cmd: preprocess
  insize=38601 outsize=618 ok=1
Cmd: preprocessCompute
  insize=7344 outsize=7346 ok=1
Cmd: preprocessCompute
  insize=6204 outsize=6206 ok=1
Cmd: preprocess
  insize=38629 outsize=617 ok=1
Cmd: preprocessCompute
  insize=7242 outsize=7244 ok=1
Cmd: preprocessCompute
  insize=6842 outsize=6844 ok=1
Cmd: preprocess
  insize=38601 outsize=618 ok=1
Cmd: preprocessCompute
  insize=7344 outsize=7346 ok=1
Cmd: preprocessCompute
  insize=6204 outsize=6206 ok=1
Cmd: preprocess
  insize=38629 outsize=617 ok=1
Cmd: preprocessCompute
  insize=7242 outsize=7244 ok=1
Cmd: preprocessCompute
  insize=6842 outsize=6844 ok=1
Cmd: preprocess
  insize=38601 outsize=618 ok=1
Cmd: preprocessCompute
  insize=7344 outsize=7346 ok=1
Cmd: preprocessCompute
  insize=6204 outsize=6206 ok=1
Cmd: preprocess
  insize=38629 outsize=617 ok=1
Cmd: preprocessCompute
  insize=7242 outsize=7244 ok=1
Cmd: preprocessCompute
  insize=6842 outsize=6844 ok=1
Cmd: preprocess
  insize=38601 outsize=618 ok=1
Cmd: preprocessCompute
  insize=7344 outsize=7346 ok=1
Cmd: preprocessCompute
  insize=6204 outsize=6206 ok=1
Cmd: preprocess
  insize=38629 outsize=617 ok=1
Cmd: preprocessCompute
  insize=7242 outsize=7244 ok=1
Cmd: preprocessCompute
  insize=6842 outsize=6844 ok=1
Cmd: preprocess
  insize=38601 outsize=618 ok=1
Cmd: preprocessCompute
  insize=7344 outsize=7346 ok=1
Cmd: preprocessCompute
  insize=6204 outsize=6206 ok=1
Cmd: preprocess
  insize=38629 outsize=617 ok=1
Cmd: preprocessCompute
  insize=7242 outsize=7244 ok=1
Cmd: preprocessCompute
  insize=6842 outsize=6844 ok=1
Cmd: preprocess
  insize=38601 outsize=618 ok=1
Cmd: preprocessCompute
  insize=7344 outsize=7346 ok=1
Cmd: preprocessCompute
  insize=6204 outsize=6206 ok=1
Cmd: preprocess
  insize=38629 outsize=617 ok=1
Cmd: preprocessCompute
  insize=7242 outsize=7244 ok=1
Cmd: preprocessCompute
  insize=6842 outsize=6844 ok=1
Cmd: preprocess
  insize=38601 outsize=618 ok=1
Cmd: preprocessCompute
  insize=7344 outsize=7346 ok=1
Cmd: preprocessCompute
  insize=6204 outsize=6206 ok=1
Cmd: preprocess
  insize=38629 outsize=617 ok=1
Cmd: preprocessCompute
  insize=7242 outsize=7244 ok=1
Cmd: preprocessCompute
  insize=6842 outsize=6844 ok=1
Cmd: preprocess
  insize=38601 outsize=618 ok=1
Cmd: preprocessCompute
  insize=7344 outsize=7346 ok=1
Cmd: preprocessCompute
  insize=6204 outsize=6206 ok=1
Cmd: preprocess
  insize=38629 outsize=617 ok=1
Cmd: preprocessCompute
  insize=7242 outsize=7244 ok=1
Cmd: preprocessCompute
  insize=6842 outsize=6844 ok=1
Cmd: preprocess
  insize=38601 outsize=618 ok=1
Cmd: preprocessCompute
  insize=7344 outsize=7346 ok=1
Cmd: preprocessCompute
  insize=6204 outsize=6206 ok=1
Cmd: preprocess
  insize=38629 outsize=617 ok=1
Cmd: preprocessCompute
  insize=7242 outsize=7244 ok=1
Cmd: preprocessCompute
  insize=6842 outsize=6844 ok=1
Cmd: preprocess
  insize=38601 outsize=618 ok=1
Cmd: preprocessCompute
  insize=7344 outsize=7346 ok=1
Cmd: preprocessCompute
  insize=6204 outsize=6206 ok=1
Cmd: preprocess
  insize=38629 outsize=617 ok=1
Cmd: preprocessCompute
  insize=7242 outsize=7244 ok=1
Cmd: preprocessCompute
  insize=6842 outsize=6844 ok=1
Cmd: preprocess
  insize=38601 outsize=618 ok=1
Cmd: preprocessCompute
  insize=7344 outsize=7346 ok=1
Cmd: preprocessCompute
  insize=6204 outsize=6206 ok=1
Cmd: preprocess
  insize=38629 outsize=617 ok=1
Cmd: preprocessCompute
  insize=7242 outsize=7244 ok=1
Cmd: preprocessCompute
  insize=6842 outsize=6844 ok=1
Cmd: preprocess
  insize=38601 outsize=618 ok=1
Cmd: preprocessCompute
  insize=7344 outsize=7346 ok=1
Cmd: preprocessCompute
  insize=6204 outsize=6206 ok=1
Cmd: preprocess
  insize=38629 outsize=617 ok=1
Cmd: preprocessCompute
  insize=7242 outsize=7244 ok=1
Cmd: preprocessCompute
  insize=6842 outsize=6844 ok=1
Cmd: preprocess
  insize=38601 outsize=618 ok=1
Cmd: preprocessCompute
  insize=7344 outsize=7346 ok=1
Cmd: preprocessCompute
  insize=6204 outsize=6206 ok=1
Cmd: preprocess
  insize=38629 outsize=617 ok=1
Cmd: preprocessCompute
  insize=7242 outsize=7244 ok=1
Cmd: preprocessCompute
  insize=6842 outsize=6844 ok=1
Cmd: preprocess
  insize=38601 outsize=618 ok=1
Cmd: preprocessCompute
  insize=7344 outsize=7346 ok=1
Cmd: preprocessCompute
  insize=6204 outsize=6206 ok=1
Cmd: preprocess
  insize=38629 outsize=617 ok=1
Cmd: preprocessCompute
  insize=7242 outsize=7244 ok=1
Cmd: preprocessCompute
  insize=6842 outsize=6844 ok=1
Cmd: preprocess
  insize=38601 outsize=618 ok=1
Cmd: preprocessCompute
  insize=7344 outsize=7346 ok=1
Cmd: compileComputeKernel
  api=4 insize=7346 outsize=3312 ok=1
Cmd: preprocessCompute
  insize=6204 outsize=6206 ok=1
Cmd: compileComputeKernel
  api=4 insize=6206 outsize=1505 ok=1
Cmd: preprocess
  insize=38629 outsize=618 ok=1
Cmd: preprocessCompute
  insize=7242 outsize=7244 ok=1
Cmd: preprocessCompute
  insize=6842 outsize=6844 ok=1
Cmd: preprocess
  insize=38601 outsize=618 ok=1
Cmd: preprocessCompute
  insize=7344 outsize=7346 ok=1
Cmd: preprocessCompute
  insize=6204 outsize=6206 ok=1
Cmd: preprocess
  insize=38629 outsize=617 ok=1
Cmd: preprocessCompute
  insize=7242 outsize=7244 ok=1
Cmd: compileComputeKernel
  api=4 insize=7244 outsize=2715 ok=1
Cmd: preprocessCompute
  insize=6842 outsize=6844 ok=1
Cmd: compileComputeKernel
  api=4 insize=6844 outsize=1791 ok=1
Cmd: preprocess
  insize=38601 outsize=617 ok=1
Cmd: preprocessCompute
  insize=7344 outsize=7346 ok=1
Cmd: preprocessCompute
  insize=6204 outsize=6206 ok=1
Cmd: preprocess
  insize=38629 outsize=617 ok=1
Cmd: preprocessCompute
  insize=7242 outsize=7244 ok=1
Cmd: preprocessCompute
  insize=6842 outsize=6844 ok=1
Cmd: preprocess
  insize=38601 outsize=618 ok=1
Cmd: preprocessCompute
  insize=7344 outsize=7346 ok=1
Cmd: preprocessCompute
  insize=6204 outsize=6206 ok=1
Cmd: preprocess
  insize=38629 outsize=617 ok=1
Cmd: preprocessCompute
  insize=7242 outsize=7244 ok=1
Cmd: preprocessCompute
  insize=6842 outsize=6844 ok=1
Cmd: preprocess
  insize=38601 outsize=618 ok=1
Cmd: preprocessCompute
  insize=7344 outsize=7346 ok=1
Cmd: preprocessCompute
  insize=6204 outsize=6206 ok=1
Cmd: preprocess
  insize=38629 outsize=618 ok=1
Cmd: preprocessCompute
  insize=7242 outsize=7244 ok=1
Cmd: preprocessCompute
  insize=6842 outsize=6844 ok=1
Cmd: preprocess
  insize=38601 outsize=618 ok=1
Cmd: preprocessCompute
  insize=7344 outsize=7346 ok=1
Cmd: preprocessCompute
  insize=6204 outsize=6206 ok=1
Cmd: preprocess
  insize=38629 outsize=617 ok=1
Cmd: preprocessCompute
  insize=7242 outsize=7244 ok=1
Cmd: preprocessCompute
  insize=6842 outsize=6844 ok=1
Cmd: preprocess
  insize=38601 outsize=618 ok=1
Cmd: preprocessCompute
  insize=7344 outsize=7346 ok=1
Cmd: preprocessCompute
  insize=6204 outsize=6206 ok=1
Cmd: preprocess
  insize=38629 outsize=617 ok=1
Cmd: preprocessCompute
  insize=7242 outsize=7244 ok=1
Cmd: preprocessCompute
  insize=6842 outsize=6844 ok=1
Cmd: preprocess
  insize=38601 outsize=618 ok=1
Cmd: preprocessCompute
  insize=7344 outsize=7346 ok=1
Cmd: preprocessCompute
  insize=6204 outsize=6206 ok=1
Cmd: preprocess
  insize=38629 outsize=617 ok=1
Cmd: preprocessCompute
  insize=7242 outsize=7244 ok=1
Cmd: preprocessCompute
  insize=6842 outsize=6844 ok=1
Cmd: preprocess
  insize=38601 outsize=618 ok=1
Cmd: preprocessCompute
  insize=7344 outsize=7346 ok=1
Cmd: preprocessCompute
  insize=6204 outsize=6206 ok=1
Cmd: preprocess
  insize=38629 outsize=617 ok=1
Cmd: preprocessCompute
  insize=7224 outsize=7226 ok=1
Cmd: preprocessCompute
  insize=6851 outsize=6853 ok=1
Cmd: preprocess
  insize=38601 outsize=618 ok=1
Cmd: preprocessCompute
  insize=7266 outsize=7268 ok=1
Cmd: compileComputeKernel
  api=4 insize=7268 outsize=3088 ok=1
Cmd: preprocessCompute
  insize=6251 outsize=6253 ok=1
Cmd: preprocess
  insize=38629 outsize=617 ok=1
Cmd: preprocessCompute
  insize=7224 outsize=7226 ok=1
Cmd: preprocessCompute
  insize=6851 outsize=6853 ok=1
Cmd: preprocess
  insize=38601 outsize=618 ok=1
Cmd: preprocessCompute
  insize=7266 outsize=7268 ok=1
Cmd: preprocessCompute
  insize=6251 outsize=6253 ok=1
Cmd: preprocess
  insize=38629 outsize=617 ok=1
